mode: set
github.com/somaz94/network-policy-generator/api/v1/networkpolicygenerator_types.go:126.13,128.2 1 0
github.com/somaz94/network-policy-generator/api/v1/zz_generated.deepcopy.go:28.53,30.2 1 0
github.com/somaz94/network-policy-generator/api/v1/zz_generated.deepcopy.go:33.46,34.15 1 0
github.com/somaz94/network-policy-generator/api/v1/zz_generated.deepcopy.go:34.15,36.3 1 0
github.com/somaz94/network-policy-generator/api/v1/zz_generated.deepcopy.go:37.2,39.12 3 0
github.com/somaz94/network-policy-generator/api/v1/zz_generated.deepcopy.go:43.77,49.2 5 0
github.com/somaz94/network-policy-generator/api/v1/zz_generated.deepcopy.go:52.70,53.15 1 0
github.com/somaz94/network-policy-generator/api/v1/zz_generated.deepcopy.go:53.15,55.3 1 0
github.com/somaz94/network-policy-generator/api/v1/zz_generated.deepcopy.go:56.2,58.12 3 0
github.com/somaz94/network-policy-generator/api/v1/zz_generated.deepcopy.go:62.67,63.34 1 0
github.com/somaz94/network-policy-generator/api/v1/zz_generated.deepcopy.go:63.34,65.3 1 0
github.com/somaz94/network-policy-generator/api/v1/zz_generated.deepcopy.go:66.2,66.12 1 0
github.com/somaz94/network-policy-generator/api/v1/zz_generated.deepcopy.go:70.85,74.21 4 0
github.com/somaz94/network-policy-generator/api/v1/zz_generated.deepcopy.go:74.21,77.22 3 0
github.com/somaz94/network-policy-generator/api/v1/zz_generated.deepcopy.go:77.22,79.4 1 0
github.com/somaz94/network-policy-generator/api/v1/zz_generated.deepcopy.go:84.78,85.15 1 0
github.com/somaz94/network-policy-generator/api/v1/zz_generated.deepcopy.go:85.15,87.3 1 0
github.com/somaz94/network-policy-generator/api/v1/zz_generated.deepcopy.go:88.2,90.12 3 0
github.com/somaz94/network-policy-generator/api/v1/zz_generated.deepcopy.go:94.71,95.34 1 0
github.com/somaz94/network-policy-generator/api/v1/zz_generated.deepcopy.go:95.34,97.3 1 0
github.com/somaz94/network-policy-generator/api/v1/zz_generated.deepcopy.go:98.2,98.12 1 0
github.com/somaz94/network-policy-generator/api/v1/zz_generated.deepcopy.go:102.85,106.27 4 0
github.com/somaz94/network-policy-generator/api/v1/zz_generated.deepcopy.go:106.27,110.3 3 0
github.com/somaz94/network-policy-generator/api/v1/zz_generated.deepcopy.go:114.78,115.15 1 0
github.com/somaz94/network-policy-generator/api/v1/zz_generated.deepcopy.go:115.15,117.3 1 0
github.com/somaz94/network-policy-generator/api/v1/zz_generated.deepcopy.go:118.2,120.12 3 0
github.com/somaz94/network-policy-generator/api/v1/zz_generated.deepcopy.go:124.89,127.31 3 0
github.com/somaz94/network-policy-generator/api/v1/zz_generated.deepcopy.go:127.31,131.3 3 0
github.com/somaz94/network-policy-generator/api/v1/zz_generated.deepcopy.go:135.82,136.15 1 0
github.com/somaz94/network-policy-generator/api/v1/zz_generated.deepcopy.go:136.15,138.3 1 0
github.com/somaz94/network-policy-generator/api/v1/zz_generated.deepcopy.go:139.2,141.12 3 0
github.com/somaz94/network-policy-generator/api/v1/zz_generated.deepcopy.go:145.57,147.33 2 0
github.com/somaz94/network-policy-generator/api/v1/zz_generated.deepcopy.go:147.33,151.3 3 0
github.com/somaz94/network-policy-generator/api/v1/zz_generated.deepcopy.go:152.2,152.32 1 0
github.com/somaz94/network-policy-generator/api/v1/zz_generated.deepcopy.go:152.32,156.3 3 0
github.com/somaz94/network-policy-generator/api/v1/zz_generated.deepcopy.go:160.50,161.15 1 0
github.com/somaz94/network-policy-generator/api/v1/zz_generated.deepcopy.go:161.15,163.3 1 0
github.com/somaz94/network-policy-generator/api/v1/zz_generated.deepcopy.go:164.2,166.12 3 0
github.com/somaz94/network-policy-generator/api/v1/zz_generated.deepcopy.go:170.55,172.2 1 0
github.com/somaz94/network-policy-generator/api/v1/zz_generated.deepcopy.go:175.48,176.15 1 0
github.com/somaz94/network-policy-generator/api/v1/zz_generated.deepcopy.go:176.15,178.3 1 0
github.com/somaz94/network-policy-generator/api/v1/zz_generated.deepcopy.go:179.2,181.12 3 0
github.com/somaz94/network-policy-generator/cmd/main.go:48.13,53.2 2 0
github.com/somaz94/network-policy-generator/cmd/main.go:55.13,86.38 16 0
github.com/somaz94/network-policy-generator/cmd/main.go:86.38,89.3 2 0
github.com/somaz94/network-policy-generator/cmd/main.go:91.2,91.18 1 0
github.com/somaz94/network-policy-generator/cmd/main.go:91.18,93.3 1 0
github.com/somaz94/network-policy-generator/cmd/main.go:95.2,109.19 3 0
github.com/somaz94/network-policy-generator/cmd/main.go:109.19,119.3 1 0
github.com/somaz94/network-policy-generator/cmd/main.go:121.2,140.16 2 0
github.com/somaz94/network-policy-generator/cmd/main.go:140.16,143.3 2 0
github.com/somaz94/network-policy-generator/cmd/main.go:145.2,148.39 1 0
github.com/somaz94/network-policy-generator/cmd/main.go:148.39,151.3 2 0
github.com/somaz94/network-policy-generator/cmd/main.go:154.2,154.69 1 0
github.com/somaz94/network-policy-generator/cmd/main.go:154.69,157.3 2 0
github.com/somaz94/network-policy-generator/cmd/main.go:158.2,158.67 1 0
github.com/somaz94/network-policy-generator/cmd/main.go:158.67,161.3 2 0
github.com/somaz94/network-policy-generator/cmd/main.go:163.2,164.61 2 0
github.com/somaz94/network-policy-generator/cmd/main.go:164.61,167.3 2 0
github.com/somaz94/network-policy-generator/test/utils/utils.go:39.27,41.2 1 0
github.com/somaz94/network-policy-generator/test/utils/utils.go:44.41,48.42 3 0
github.com/somaz94/network-policy-generator/test/utils/utils.go:48.42,50.3 1 0
github.com/somaz94/network-policy-generator/test/utils/utils.go:52.2,56.16 5 0
github.com/somaz94/network-policy-generator/test/utils/utils.go:56.16,58.3 1 0
github.com/somaz94/network-policy-generator/test/utils/utils.go:60.2,60.28 1 0
github.com/somaz94/network-policy-generator/test/utils/utils.go:64.40,69.2 4 0
github.com/somaz94/network-policy-generator/test/utils/utils.go:72.36,75.36 3 0
github.com/somaz94/network-policy-generator/test/utils/utils.go:75.36,77.3 1 0
github.com/somaz94/network-policy-generator/test/utils/utils.go:82.39,92.16 4 0
github.com/somaz94/network-policy-generator/test/utils/utils.go:92.16,94.3 1 0
github.com/somaz94/network-policy-generator/test/utils/utils.go:95.2,96.37 2 0
github.com/somaz94/network-policy-generator/test/utils/utils.go:96.37,97.32 1 0
github.com/somaz94/network-policy-generator/test/utils/utils.go:97.32,98.35 1 0
github.com/somaz94/network-policy-generator/test/utils/utils.go:98.35,100.5 1 0
github.com/somaz94/network-policy-generator/test/utils/utils.go:104.2,104.14 1 0
github.com/somaz94/network-policy-generator/test/utils/utils.go:108.29,111.36 3 0
github.com/somaz94/network-policy-generator/test/utils/utils.go:111.36,113.3 1 0
github.com/somaz94/network-policy-generator/test/utils/utils.go:117.33,120.36 3 0
github.com/somaz94/network-policy-generator/test/utils/utils.go:120.36,122.3 1 0
github.com/somaz94/network-policy-generator/test/utils/utils.go:125.2,132.12 3 0
github.com/somaz94/network-policy-generator/test/utils/utils.go:137.40,151.16 4 0
github.com/somaz94/network-policy-generator/test/utils/utils.go:151.16,153.3 1 0
github.com/somaz94/network-policy-generator/test/utils/utils.go:156.2,157.38 2 0
github.com/somaz94/network-policy-generator/test/utils/utils.go:157.38,158.32 1 0
github.com/somaz94/network-policy-generator/test/utils/utils.go:158.32,159.35 1 0
github.com/somaz94/network-policy-generator/test/utils/utils.go:159.35,161.5 1 0
github.com/somaz94/network-policy-generator/test/utils/utils.go:165.2,165.14 1 0
github.com/somaz94/network-policy-generator/test/utils/utils.go:169.56,171.47 2 0
github.com/somaz94/network-policy-generator/test/utils/utils.go:171.47,173.3 1 0
github.com/somaz94/network-policy-generator/test/utils/utils.go:174.2,177.12 4 0
github.com/somaz94/network-policy-generator/test/utils/utils.go:182.47,185.35 3 0
github.com/somaz94/network-policy-generator/test/utils/utils.go:185.35,186.20 1 0
github.com/somaz94/network-policy-generator/test/utils/utils.go:186.20,188.4 1 0
github.com/somaz94/network-policy-generator/test/utils/utils.go:191.2,191.12 1 0
github.com/somaz94/network-policy-generator/test/utils/utils.go:195.38,197.16 2 0
github.com/somaz94/network-policy-generator/test/utils/utils.go:197.16,199.3 1 0
github.com/somaz94/network-policy-generator/test/utils/utils.go:200.2,201.16 2 0
github.com/somaz94/network-policy-generator/test/utils/utils.go:206.59,210.16 2 0
github.com/somaz94/network-policy-generator/test/utils/utils.go:210.16,212.3 1 0
github.com/somaz94/network-policy-generator/test/utils/utils.go:213.2,216.13 3 0
github.com/somaz94/network-policy-generator/test/utils/utils.go:216.13,218.3 1 0
github.com/somaz94/network-policy-generator/test/utils/utils.go:220.2,222.16 3 0
github.com/somaz94/network-policy-generator/test/utils/utils.go:222.16,224.3 1 0
github.com/somaz94/network-policy-generator/test/utils/utils.go:226.2,227.21 2 0
github.com/somaz94/network-policy-generator/test/utils/utils.go:227.21,229.3 1 0
github.com/somaz94/network-policy-generator/test/utils/utils.go:230.2,230.6 1 0
github.com/somaz94/network-policy-generator/test/utils/utils.go:230.6,232.17 2 0
github.com/somaz94/network-policy-generator/test/utils/utils.go:232.17,234.4 1 0
github.com/somaz94/network-policy-generator/test/utils/utils.go:236.3,236.22 1 0
github.com/somaz94/network-policy-generator/test/utils/utils.go:236.22,237.9 1 0
github.com/somaz94/network-policy-generator/test/utils/utils.go:239.3,239.50 1 0
github.com/somaz94/network-policy-generator/test/utils/utils.go:239.50,241.4 1 0
github.com/somaz94/network-policy-generator/test/utils/utils.go:244.2,245.16 2 0
github.com/somaz94/network-policy-generator/test/utils/utils.go:245.16,247.3 1 0
github.com/somaz94/network-policy-generator/test/utils/utils.go:250.2,250.50 1 0
github.com/somaz94/network-policy-generator/internal/policy/generator.go:20.32,22.2 1 1
github.com/somaz94/network-policy-generator/internal/policy/generator.go:25.130,52.43 3 1
github.com/somaz94/network-policy-generator/internal/policy/generator.go:52.43,54.54 1 1
github.com/somaz94/network-policy-generator/internal/policy/generator.go:54.54,55.62 1 1
github.com/somaz94/network-policy-generator/internal/policy/generator.go:55.62,84.5 5 1
github.com/somaz94/network-policy-generator/internal/policy/generator.go:86.8,91.55 3 1
github.com/somaz94/network-policy-generator/internal/policy/generator.go:91.55,96.63 3 1
github.com/somaz94/network-policy-generator/internal/policy/generator.go:96.63,106.5 3 1
github.com/somaz94/network-policy-generator/internal/policy/generator.go:108.4,109.82 2 1
github.com/somaz94/network-policy-generator/internal/policy/generator.go:110.9,114.4 2 1
github.com/somaz94/network-policy-generator/internal/policy/generator.go:116.3,116.38 1 1
github.com/somaz94/network-policy-generator/internal/policy/generator.go:120.2,120.39 1 1
github.com/somaz94/network-policy-generator/internal/policy/generator.go:120.39,121.35 1 1
github.com/somaz94/network-policy-generator/internal/policy/generator.go:121.35,123.52 1 1
github.com/somaz94/network-policy-generator/internal/policy/generator.go:123.52,124.36 1 1
github.com/somaz94/network-policy-generator/internal/policy/generator.go:124.36,136.6 1 1
github.com/somaz94/network-policy-generator/internal/policy/generator.go:136.11,136.42 1 1
github.com/somaz94/network-policy-generator/internal/policy/generator.go:136.42,148.6 1 1
github.com/somaz94/network-policy-generator/internal/policy/generator.go:153.2,153.22 1 1
github.com/somaz94/network-policy-generator/internal/policy/generator.go:156.104,158.2 1 0
github.com/somaz94/network-policy-generator/internal/policy/generator.go:160.117,176.55 2 0
github.com/somaz94/network-policy-generator/internal/policy/generator.go:176.55,181.3 3 0
github.com/somaz94/network-policy-generator/internal/policy/generator.go:184.2,202.41 5 0
github.com/somaz94/network-policy-generator/internal/policy/generator.go:202.41,203.51 1 0
github.com/somaz94/network-policy-generator/internal/policy/generator.go:203.51,204.35 1 0
github.com/somaz94/network-policy-generator/internal/policy/generator.go:204.35,221.5 2 0
github.com/somaz94/network-policy-generator/internal/policy/generator.go:225.2,228.11 3 0
github.com/somaz94/network-policy-generator/internal/policy/rules.go:20.65,31.32 4 1
github.com/somaz94/network-policy-generator/internal/policy/rules.go:31.32,46.3 2 1
github.com/somaz94/network-policy-generator/internal/policy/rules.go:48.2,50.14 3 1
github.com/somaz94/network-policy-generator/internal/policy/rules.go:54.71,57.25 2 1
github.com/somaz94/network-policy-generator/internal/policy/rules.go:57.25,90.3 4 1
github.com/somaz94/network-policy-generator/internal/policy/rules.go:92.2,92.14 1 1
github.com/somaz94/network-policy-generator/internal/policy/rules.go:96.139,100.29 3 1
github.com/somaz94/network-policy-generator/internal/policy/rules.go:100.29,101.34 1 1
github.com/somaz94/network-policy-generator/internal/policy/rules.go:101.34,113.4 1 1
github.com/somaz94/network-policy-generator/internal/policy/rules.go:113.9,113.40 1 1
github.com/somaz94/network-policy-generator/internal/policy/rules.go:113.40,125.4 1 1
github.com/somaz94/network-policy-generator/internal/policy/rules.go:128.2,128.34 1 1
github.com/somaz94/network-policy-generator/internal/policy/validator.go:14.32,16.2 1 1
github.com/somaz94/network-policy-generator/internal/policy/validator.go:19.124,20.23 1 1
github.com/somaz94/network-policy-generator/internal/policy/validator.go:20.23,22.3 1 0
github.com/somaz94/network-policy-generator/internal/policy/validator.go:24.2,24.45 1 1
github.com/somaz94/network-policy-generator/internal/policy/validator.go:24.45,26.3 1 0
github.com/somaz94/network-policy-generator/internal/policy/validator.go:29.2,29.62 1 1
github.com/somaz94/network-policy-generator/internal/policy/validator.go:29.62,31.3 1 1
github.com/somaz94/network-policy-generator/internal/policy/validator.go:33.2,33.32 1 1
github.com/somaz94/network-policy-generator/internal/policy/validator.go:37.77,39.43 1 1
github.com/somaz94/network-policy-generator/internal/policy/validator.go:39.43,40.53 1 1
github.com/somaz94/network-policy-generator/internal/policy/validator.go:40.53,42.4 1 1
github.com/somaz94/network-policy-generator/internal/policy/validator.go:46.2,46.42 1 1
github.com/somaz94/network-policy-generator/internal/policy/validator.go:46.42,47.53 1 0
github.com/somaz94/network-policy-generator/internal/policy/validator.go:47.53,49.4 1 0
github.com/somaz94/network-policy-generator/internal/policy/validator.go:52.2,52.12 1 1
github.com/somaz94/network-policy-generator/internal/policy/validator.go:56.81,57.29 1 1
github.com/somaz94/network-policy-generator/internal/policy/validator.go:57.29,58.23 1 1
github.com/somaz94/network-policy-generator/internal/policy/validator.go:58.23,60.39 2 1
github.com/somaz94/network-policy-generator/internal/policy/validator.go:60.39,62.5 1 1
github.com/somaz94/network-policy-generator/internal/policy/validator.go:65.3,65.27 1 1
github.com/somaz94/network-policy-generator/internal/policy/validator.go:65.27,67.68 2 1
github.com/somaz94/network-policy-generator/internal/policy/validator.go:67.68,69.5 1 1
github.com/somaz94/network-policy-generator/internal/policy/validator.go:72.2,72.12 1 1
github.com/somaz94/network-policy-generator/internal/policy/validator.go:75.98,77.42 1 1
github.com/somaz94/network-policy-generator/internal/policy/validator.go:77.42,79.61 2 1
github.com/somaz94/network-policy-generator/internal/policy/validator.go:79.61,81.4 1 1
github.com/somaz94/network-policy-generator/internal/policy/validator.go:83.3,83.62 1 1
github.com/somaz94/network-policy-generator/internal/policy/validator.go:83.62,84.21 1 1
github.com/somaz94/network-policy-generator/internal/policy/validator.go:84.21,86.5 1 1
github.com/somaz94/network-policy-generator/internal/policy/validator.go:90.2,90.12 1 1
github.com/somaz94/network-policy-generator/internal/monitor/collector.go:24.77,29.2 1 1
github.com/somaz94/network-policy-generator/internal/monitor/collector.go:32.95,37.16 4 1
github.com/somaz94/network-policy-generator/internal/monitor/collector.go:37.16,39.3 1 0
github.com/somaz94/network-policy-generator/internal/monitor/collector.go:41.2,41.33 1 1
github.com/somaz94/network-policy-generator/internal/monitor/collector.go:41.33,43.17 2 1
github.com/somaz94/network-policy-generator/internal/monitor/collector.go:43.17,45.12 2 0
github.com/somaz94/network-policy-generator/internal/monitor/collector.go:47.3,47.37 1 1
github.com/somaz94/network-policy-generator/internal/monitor/collector.go:50.2,50.19 1 1
github.com/somaz94/network-policy-generator/internal/monitor/collector.go:54.90,57.48 2 1
github.com/somaz94/network-policy-generator/internal/monitor/collector.go:57.48,58.40 1 1
github.com/somaz94/network-policy-generator/internal/monitor/collector.go:58.40,66.4 2 1
github.com/somaz94/network-policy-generator/internal/monitor/collector.go:68.3,68.65 1 1
github.com/somaz94/network-policy-generator/internal/monitor/collector.go:71.2,71.19 1 1
github.com/somaz94/network-policy-generator/internal/monitor/collector.go:75.109,78.30 2 1
github.com/somaz94/network-policy-generator/internal/monitor/collector.go:78.30,81.60 1 1
github.com/somaz94/network-policy-generator/internal/monitor/collector.go:81.60,84.18 2 1
github.com/somaz94/network-policy-generator/internal/monitor/collector.go:84.18,94.5 2 1
github.com/somaz94/network-policy-generator/internal/monitor/collector.go:98.2,98.14 1 1
github.com/somaz94/network-policy-generator/internal/monitor/collector.go:102.53,104.20 2 1
github.com/somaz94/network-policy-generator/internal/monitor/collector.go:104.20,106.3 1 1
github.com/somaz94/network-policy-generator/internal/monitor/collector.go:108.2,109.16 2 1
github.com/somaz94/network-policy-generator/internal/monitor/collector.go:109.16,111.3 1 1
github.com/somaz94/network-policy-generator/internal/monitor/collector.go:113.2,113.30 1 1
github.com/somaz94/network-policy-generator/internal/monitor/collector.go:117.43,119.21 2 1
github.com/somaz94/network-policy-generator/internal/monitor/collector.go:119.21,121.3 1 1
github.com/somaz94/network-policy-generator/internal/monitor/collector.go:122.2,122.11 1 0
github.com/somaz94/network-policy-generator/internal/monitor/collector.go:126.45,128.20 2 1
github.com/somaz94/network-policy-generator/internal/monitor/collector.go:128.20,130.3 1 1
github.com/somaz94/network-policy-generator/internal/monitor/collector.go:131.2,131.11 1 0
github.com/somaz94/network-policy-generator/internal/monitor/monitor.go:30.64,31.26 1 0
github.com/somaz94/network-policy-generator/internal/monitor/monitor.go:31.26,33.3 1 0
github.com/somaz94/network-policy-generator/internal/monitor/monitor.go:37.96,48.27 2 1
github.com/somaz94/network-policy-generator/internal/monitor/monitor.go:48.27,50.3 1 0
github.com/somaz94/network-policy-generator/internal/monitor/monitor.go:52.2,52.10 1 1
github.com/somaz94/network-policy-generator/internal/monitor/monitor.go:56.52,62.2 4 1
github.com/somaz94/network-policy-generator/internal/monitor/monitor.go:65.26,67.2 1 1
github.com/somaz94/network-policy-generator/internal/monitor/monitor.go:70.57,74.2 3 1
github.com/somaz94/network-policy-generator/internal/monitor/monitor.go:77.55,82.6 4 1
github.com/somaz94/network-policy-generator/internal/monitor/monitor.go:82.6,83.10 1 1
github.com/somaz94/network-policy-generator/internal/monitor/monitor.go:84.21,86.10 2 0
github.com/somaz94/network-policy-generator/internal/monitor/monitor.go:87.19,89.10 2 1
github.com/somaz94/network-policy-generator/internal/monitor/monitor.go:90.19,91.52 1 0
github.com/somaz94/network-policy-generator/internal/monitor/monitor.go:91.52,93.5 1 0
github.com/somaz94/network-policy-generator/internal/monitor/monitor.go:99.65,103.16 3 1
github.com/somaz94/network-policy-generator/internal/monitor/monitor.go:103.16,105.3 1 0
github.com/somaz94/network-policy-generator/internal/monitor/monitor.go:107.2,107.29 1 1
github.com/somaz94/network-policy-generator/internal/monitor/monitor.go:107.29,109.3 1 1
github.com/somaz94/network-policy-generator/internal/monitor/monitor.go:111.2,115.12 2 1
github.com/somaz94/network-policy-generator/internal/monitor/monitor.go:119.63,123.24 3 1
github.com/somaz94/network-policy-generator/internal/monitor/monitor.go:123.24,125.3 1 1
github.com/somaz94/network-policy-generator/internal/monitor/monitor.go:127.2,127.37 1 1
github.com/somaz94/network-policy-generator/internal/monitor/monitor.go:127.37,128.34 1 1
github.com/somaz94/network-policy-generator/internal/monitor/monitor.go:128.34,130.4 1 1
github.com/somaz94/network-policy-generator/internal/monitor/monitor.go:133.2,133.37 1 1
github.com/somaz94/network-policy-generator/internal/monitor/monitor.go:137.52,142.2 1 1
github.com/somaz94/network-policy-generator/internal/monitor/monitor.go:145.52,152.2 1 1
github.com/somaz94/network-policy-generator/internal/controller/module_handlers.go:19.151,23.76 2 1
github.com/somaz94/network-policy-generator/internal/controller/module_handlers.go:23.76,26.59 3 1
github.com/somaz94/network-policy-generator/internal/controller/module_handlers.go:26.59,29.4 2 0
github.com/somaz94/network-policy-generator/internal/controller/module_handlers.go:30.3,34.74 2 1
github.com/somaz94/network-policy-generator/internal/controller/module_handlers.go:38.2,39.49 2 1
github.com/somaz94/network-policy-generator/internal/controller/module_handlers.go:39.49,45.59 3 1
github.com/somaz94/network-policy-generator/internal/controller/module_handlers.go:45.59,48.4 2 0
github.com/somaz94/network-policy-generator/internal/controller/module_handlers.go:50.3,51.50 2 1
github.com/somaz94/network-policy-generator/internal/controller/module_handlers.go:51.50,54.4 2 0
github.com/somaz94/network-policy-generator/internal/controller/module_handlers.go:56.3,56.41 1 1
github.com/somaz94/network-policy-generator/internal/controller/module_handlers.go:59.2,59.83 1 0
github.com/somaz94/network-policy-generator/internal/controller/module_handlers.go:63.152,68.16 3 1
github.com/somaz94/network-policy-generator/internal/controller/module_handlers.go:68.16,71.3 2 0
github.com/somaz94/network-policy-generator/internal/controller/module_handlers.go:74.2,74.34 1 1
github.com/somaz94/network-policy-generator/internal/controller/module_handlers.go:74.34,75.70 1 1
github.com/somaz94/network-policy-generator/internal/controller/module_handlers.go:75.70,80.4 2 0
github.com/somaz94/network-policy-generator/internal/controller/module_handlers.go:84.2,85.58 2 1
github.com/somaz94/network-policy-generator/internal/controller/module_handlers.go:85.58,88.3 2 0
github.com/somaz94/network-policy-generator/internal/controller/module_handlers.go:90.2,90.56 1 1
github.com/somaz94/network-policy-generator/internal/controller/module_handlers.go:94.172,109.16 4 1
github.com/somaz94/network-policy-generator/internal/controller/module_handlers.go:109.16,110.33 1 1
github.com/somaz94/network-policy-generator/internal/controller/module_handlers.go:110.33,112.4 1 0
github.com/somaz94/network-policy-generator/internal/controller/module_handlers.go:114.3,114.31 1 1
github.com/somaz94/network-policy-generator/internal/controller/module_handlers.go:118.2,119.30 2 1
github.com/somaz94/network-policy-generator/internal/controller/networkpolicygenerator_controller.go:28.100,35.2 1 0
github.com/somaz94/network-policy-generator/internal/controller/networkpolicygenerator_controller.go:48.114,53.66 4 1
github.com/somaz94/network-policy-generator/internal/controller/networkpolicygenerator_controller.go:53.66,54.33 1 0
github.com/somaz94/network-policy-generator/internal/controller/networkpolicygenerator_controller.go:54.33,56.4 1 0
github.com/somaz94/network-policy-generator/internal/controller/networkpolicygenerator_controller.go:57.3,57.51 1 0
github.com/somaz94/network-policy-generator/internal/controller/networkpolicygenerator_controller.go:61.2,62.40 2 1
github.com/somaz94/network-policy-generator/internal/controller/networkpolicygenerator_controller.go:62.40,64.3 1 1
github.com/somaz94/network-policy-generator/internal/controller/networkpolicygenerator_controller.go:64.8,64.46 1 1
github.com/somaz94/network-policy-generator/internal/controller/networkpolicygenerator_controller.go:64.46,66.3 1 1
github.com/somaz94/network-policy-generator/internal/controller/networkpolicygenerator_controller.go:69.2,69.40 1 1
github.com/somaz94/network-policy-generator/internal/controller/networkpolicygenerator_controller.go:69.40,75.3 1 1
github.com/somaz94/network-policy-generator/internal/controller/networkpolicygenerator_controller.go:78.2,78.58 1 1
github.com/somaz94/network-policy-generator/internal/controller/networkpolicygenerator_controller.go:78.58,84.3 2 1
github.com/somaz94/network-policy-generator/internal/controller/networkpolicygenerator_controller.go:87.2,87.54 1 1
github.com/somaz94/network-policy-generator/internal/controller/networkpolicygenerator_controller.go:87.54,92.69 2 1
github.com/somaz94/network-policy-generator/internal/controller/networkpolicygenerator_controller.go:92.69,93.66 1 1
github.com/somaz94/network-policy-generator/internal/controller/networkpolicygenerator_controller.go:93.66,96.5 2 1
github.com/somaz94/network-policy-generator/internal/controller/networkpolicygenerator_controller.go:97.4,98.51 2 1
github.com/somaz94/network-policy-generator/internal/controller/networkpolicygenerator_controller.go:98.51,101.5 2 0
github.com/somaz94/network-policy-generator/internal/controller/networkpolicygenerator_controller.go:102.4,104.38 1 1
github.com/somaz94/network-policy-generator/internal/controller/networkpolicygenerator_controller.go:106.3,106.28 1 1
github.com/somaz94/network-policy-generator/internal/controller/networkpolicygenerator_controller.go:110.2,110.69 1 1
github.com/somaz94/network-policy-generator/internal/controller/networkpolicygenerator_controller.go:110.69,116.50 3 1
github.com/somaz94/network-policy-generator/internal/controller/networkpolicygenerator_controller.go:116.50,119.4 2 0
github.com/somaz94/network-policy-generator/internal/controller/networkpolicygenerator_controller.go:123.2,126.29 3 1
github.com/somaz94/network-policy-generator/internal/controller/networkpolicygenerator_controller.go:127.18,131.53 2 1
github.com/somaz94/network-policy-generator/internal/controller/networkpolicygenerator_controller.go:132.19,136.54 2 1
github.com/somaz94/network-policy-generator/internal/controller/networkpolicygenerator_controller.go:137.10,142.76 2 0
github.com/somaz94/network-policy-generator/internal/controller/networkpolicygenerator_controller.go:145.2,145.16 1 1
github.com/somaz94/network-policy-generator/internal/controller/networkpolicygenerator_controller.go:145.16,151.3 2 0
github.com/somaz94/network-policy-generator/internal/controller/networkpolicygenerator_controller.go:153.2,159.20 2 1
github.com/somaz94/network-policy-generator/internal/controller/networkpolicygenerator_controller.go:163.139,169.43 3 1
github.com/somaz94/network-policy-generator/internal/controller/networkpolicygenerator_controller.go:169.43,172.3 1 0
github.com/somaz94/network-policy-generator/internal/controller/networkpolicygenerator_controller.go:172.8,175.3 1 1
github.com/somaz94/network-policy-generator/internal/controller/networkpolicygenerator_controller.go:178.2,178.39 1 1
github.com/somaz94/network-policy-generator/internal/controller/networkpolicygenerator_controller.go:178.39,186.47 2 1
github.com/somaz94/network-policy-generator/internal/controller/networkpolicygenerator_controller.go:186.47,187.34 1 1
github.com/somaz94/network-policy-generator/internal/controller/networkpolicygenerator_controller.go:187.34,192.5 2 1
github.com/somaz94/network-policy-generator/internal/controller/networkpolicygenerator_controller.go:195.3,197.24 1 1
github.com/somaz94/network-policy-generator/internal/controller/networkpolicygenerator_controller.go:200.2,200.12 1 1
github.com/somaz94/network-policy-generator/internal/controller/networkpolicygenerator_controller.go:204.52,205.29 1 1
github.com/somaz94/network-policy-generator/internal/controller/networkpolicygenerator_controller.go:205.29,206.16 1 1
github.com/somaz94/network-policy-generator/internal/controller/networkpolicygenerator_controller.go:206.16,208.4 1 1
github.com/somaz94/network-policy-generator/internal/controller/networkpolicygenerator_controller.go:210.2,210.14 1 1
github.com/somaz94/network-policy-generator/internal/controller/networkpolicygenerator_controller.go:213.54,215.29 2 1
github.com/somaz94/network-policy-generator/internal/controller/networkpolicygenerator_controller.go:215.29,216.16 1 1
github.com/somaz94/network-policy-generator/internal/controller/networkpolicygenerator_controller.go:216.16,218.4 1 0
github.com/somaz94/network-policy-generator/internal/controller/networkpolicygenerator_controller.go:220.2,220.15 1 1
github.com/somaz94/network-policy-generator/internal/controller/networkpolicygenerator_controller.go:224.85,228.2 1 0
github.com/somaz94/network-policy-generator/internal/controller/test_helpers.go:37.87,45.2 3 1
github.com/somaz94/network-policy-generator/internal/controller/test_helpers.go:48.86,77.2 1 1
github.com/somaz94/network-policy-generator/internal/controller/test_helpers.go:85.51,90.2 1 1
github.com/somaz94/network-policy-generator/internal/controller/test_helpers.go:92.104,93.26 1 1
github.com/somaz94/network-policy-generator/internal/controller/test_helpers.go:93.26,95.3 1 1
github.com/somaz94/network-policy-generator/internal/controller/test_helpers.go:96.2,96.43 1 0
github.com/somaz94/network-policy-generator/internal/controller/test_helpers.go:99.120,101.16 2 1
github.com/somaz94/network-policy-generator/internal/controller/test_helpers.go:101.16,103.3 1 0
github.com/somaz94/network-policy-generator/internal/controller/test_helpers.go:105.2,105.12 1 1
github.com/somaz94/network-policy-generator/internal/controller/test_helpers.go:113.121,114.18 1 1
github.com/somaz94/network-policy-generator/internal/controller/test_helpers.go:114.18,116.3 1 1
github.com/somaz94/network-policy-generator/internal/controller/test_helpers.go:117.2,117.49 1 1
