mode: set
github.com/somaz94/network-policy-generator/api/v1/networkpolicygenerator_types.go:158.13,160.2 1 0
github.com/somaz94/network-policy-generator/api/v1/zz_generated.deepcopy.go:28.59,32.2 3 0
github.com/somaz94/network-policy-generator/api/v1/zz_generated.deepcopy.go:35.52,36.15 1 0
github.com/somaz94/network-policy-generator/api/v1/zz_generated.deepcopy.go:36.15,38.3 1 0
github.com/somaz94/network-policy-generator/api/v1/zz_generated.deepcopy.go:39.2,41.12 3 0
github.com/somaz94/network-policy-generator/api/v1/zz_generated.deepcopy.go:45.63,47.2 1 0
github.com/somaz94/network-policy-generator/api/v1/zz_generated.deepcopy.go:50.56,51.15 1 0
github.com/somaz94/network-policy-generator/api/v1/zz_generated.deepcopy.go:51.15,53.3 1 0
github.com/somaz94/network-policy-generator/api/v1/zz_generated.deepcopy.go:54.2,56.12 3 0
github.com/somaz94/network-policy-generator/api/v1/zz_generated.deepcopy.go:60.53,62.2 1 0
github.com/somaz94/network-policy-generator/api/v1/zz_generated.deepcopy.go:65.46,66.15 1 0
github.com/somaz94/network-policy-generator/api/v1/zz_generated.deepcopy.go:66.15,68.3 1 0
github.com/somaz94/network-policy-generator/api/v1/zz_generated.deepcopy.go:69.2,71.12 3 0
github.com/somaz94/network-policy-generator/api/v1/zz_generated.deepcopy.go:75.59,77.23 2 0
github.com/somaz94/network-policy-generator/api/v1/zz_generated.deepcopy.go:77.23,81.3 3 0
github.com/somaz94/network-policy-generator/api/v1/zz_generated.deepcopy.go:82.2,82.22 1 0
github.com/somaz94/network-policy-generator/api/v1/zz_generated.deepcopy.go:82.22,86.3 3 0
github.com/somaz94/network-policy-generator/api/v1/zz_generated.deepcopy.go:90.52,91.15 1 0
github.com/somaz94/network-policy-generator/api/v1/zz_generated.deepcopy.go:91.15,93.3 1 0
github.com/somaz94/network-policy-generator/api/v1/zz_generated.deepcopy.go:94.2,96.12 3 0
github.com/somaz94/network-policy-generator/api/v1/zz_generated.deepcopy.go:100.77,106.2 5 0
github.com/somaz94/network-policy-generator/api/v1/zz_generated.deepcopy.go:109.70,110.15 1 0
github.com/somaz94/network-policy-generator/api/v1/zz_generated.deepcopy.go:110.15,112.3 1 0
github.com/somaz94/network-policy-generator/api/v1/zz_generated.deepcopy.go:113.2,115.12 3 0
github.com/somaz94/network-policy-generator/api/v1/zz_generated.deepcopy.go:119.67,120.34 1 0
github.com/somaz94/network-policy-generator/api/v1/zz_generated.deepcopy.go:120.34,122.3 1 0
github.com/somaz94/network-policy-generator/api/v1/zz_generated.deepcopy.go:123.2,123.12 1 0
github.com/somaz94/network-policy-generator/api/v1/zz_generated.deepcopy.go:127.85,131.21 4 0
github.com/somaz94/network-policy-generator/api/v1/zz_generated.deepcopy.go:131.21,134.22 3 0
github.com/somaz94/network-policy-generator/api/v1/zz_generated.deepcopy.go:134.22,136.4 1 0
github.com/somaz94/network-policy-generator/api/v1/zz_generated.deepcopy.go:141.78,142.15 1 0
github.com/somaz94/network-policy-generator/api/v1/zz_generated.deepcopy.go:142.15,144.3 1 0
github.com/somaz94/network-policy-generator/api/v1/zz_generated.deepcopy.go:145.2,147.12 3 0
github.com/somaz94/network-policy-generator/api/v1/zz_generated.deepcopy.go:151.71,152.34 1 0
github.com/somaz94/network-policy-generator/api/v1/zz_generated.deepcopy.go:152.34,154.3 1 0
github.com/somaz94/network-policy-generator/api/v1/zz_generated.deepcopy.go:155.2,155.12 1 0
github.com/somaz94/network-policy-generator/api/v1/zz_generated.deepcopy.go:159.85,163.33 4 0
github.com/somaz94/network-policy-generator/api/v1/zz_generated.deepcopy.go:163.33,167.3 3 0
github.com/somaz94/network-policy-generator/api/v1/zz_generated.deepcopy.go:168.2,168.32 1 0
github.com/somaz94/network-policy-generator/api/v1/zz_generated.deepcopy.go:168.32,172.3 3 0
github.com/somaz94/network-policy-generator/api/v1/zz_generated.deepcopy.go:173.2,173.32 1 0
github.com/somaz94/network-policy-generator/api/v1/zz_generated.deepcopy.go:173.32,177.3 3 0
github.com/somaz94/network-policy-generator/api/v1/zz_generated.deepcopy.go:178.2,178.31 1 0
github.com/somaz94/network-policy-generator/api/v1/zz_generated.deepcopy.go:178.31,182.3 3 0
github.com/somaz94/network-policy-generator/api/v1/zz_generated.deepcopy.go:186.78,187.15 1 0
github.com/somaz94/network-policy-generator/api/v1/zz_generated.deepcopy.go:187.15,189.3 1 0
github.com/somaz94/network-policy-generator/api/v1/zz_generated.deepcopy.go:190.2,192.12 3 0
github.com/somaz94/network-policy-generator/api/v1/zz_generated.deepcopy.go:196.89,199.31 3 0
github.com/somaz94/network-policy-generator/api/v1/zz_generated.deepcopy.go:199.31,203.3 3 0
github.com/somaz94/network-policy-generator/api/v1/zz_generated.deepcopy.go:207.82,208.15 1 0
github.com/somaz94/network-policy-generator/api/v1/zz_generated.deepcopy.go:208.15,210.3 1 0
github.com/somaz94/network-policy-generator/api/v1/zz_generated.deepcopy.go:211.2,213.12 3 0
github.com/somaz94/network-policy-generator/api/v1/zz_generated.deepcopy.go:217.55,219.2 1 0
github.com/somaz94/network-policy-generator/api/v1/zz_generated.deepcopy.go:222.48,223.15 1 0
github.com/somaz94/network-policy-generator/api/v1/zz_generated.deepcopy.go:223.15,225.3 1 0
github.com/somaz94/network-policy-generator/api/v1/zz_generated.deepcopy.go:226.2,228.12 3 0
github.com/somaz94/network-policy-generator/cmd/main.go:48.13,53.2 2 0
github.com/somaz94/network-policy-generator/cmd/main.go:55.13,86.38 16 0
github.com/somaz94/network-policy-generator/cmd/main.go:86.38,89.3 2 0
github.com/somaz94/network-policy-generator/cmd/main.go:91.2,91.18 1 0
github.com/somaz94/network-policy-generator/cmd/main.go:91.18,93.3 1 0
github.com/somaz94/network-policy-generator/cmd/main.go:95.2,109.19 3 0
github.com/somaz94/network-policy-generator/cmd/main.go:109.19,119.3 1 0
github.com/somaz94/network-policy-generator/cmd/main.go:121.2,140.16 2 0
github.com/somaz94/network-policy-generator/cmd/main.go:140.16,143.3 2 0
github.com/somaz94/network-policy-generator/cmd/main.go:145.2,148.39 1 0
github.com/somaz94/network-policy-generator/cmd/main.go:148.39,151.3 2 0
github.com/somaz94/network-policy-generator/cmd/main.go:154.2,154.69 1 0
github.com/somaz94/network-policy-generator/cmd/main.go:154.69,157.3 2 0
github.com/somaz94/network-policy-generator/cmd/main.go:158.2,158.67 1 0
github.com/somaz94/network-policy-generator/cmd/main.go:158.67,161.3 2 0
github.com/somaz94/network-policy-generator/cmd/main.go:163.2,164.61 2 0
github.com/somaz94/network-policy-generator/cmd/main.go:164.61,167.3 2 0
github.com/somaz94/network-policy-generator/test/utils/utils.go:39.27,41.2 1 0
github.com/somaz94/network-policy-generator/test/utils/utils.go:44.41,48.42 3 0
github.com/somaz94/network-policy-generator/test/utils/utils.go:48.42,50.3 1 0
github.com/somaz94/network-policy-generator/test/utils/utils.go:52.2,56.16 5 0
github.com/somaz94/network-policy-generator/test/utils/utils.go:56.16,58.3 1 0
github.com/somaz94/network-policy-generator/test/utils/utils.go:60.2,60.28 1 0
github.com/somaz94/network-policy-generator/test/utils/utils.go:64.40,69.2 4 0
github.com/somaz94/network-policy-generator/test/utils/utils.go:72.36,75.36 3 0
github.com/somaz94/network-policy-generator/test/utils/utils.go:75.36,77.3 1 0
github.com/somaz94/network-policy-generator/test/utils/utils.go:82.39,92.16 4 0
github.com/somaz94/network-policy-generator/test/utils/utils.go:92.16,94.3 1 0
github.com/somaz94/network-policy-generator/test/utils/utils.go:95.2,96.37 2 0
github.com/somaz94/network-policy-generator/test/utils/utils.go:96.37,97.32 1 0
github.com/somaz94/network-policy-generator/test/utils/utils.go:97.32,98.35 1 0
github.com/somaz94/network-policy-generator/test/utils/utils.go:98.35,100.5 1 0
github.com/somaz94/network-policy-generator/test/utils/utils.go:104.2,104.14 1 0
github.com/somaz94/network-policy-generator/test/utils/utils.go:108.29,111.36 3 0
github.com/somaz94/network-policy-generator/test/utils/utils.go:111.36,113.3 1 0
github.com/somaz94/network-policy-generator/test/utils/utils.go:117.33,120.36 3 0
github.com/somaz94/network-policy-generator/test/utils/utils.go:120.36,122.3 1 0
github.com/somaz94/network-policy-generator/test/utils/utils.go:125.2,132.12 3 0
github.com/somaz94/network-policy-generator/test/utils/utils.go:137.40,151.16 4 0
github.com/somaz94/network-policy-generator/test/utils/utils.go:151.16,153.3 1 0
github.com/somaz94/network-policy-generator/test/utils/utils.go:156.2,157.38 2 0
github.com/somaz94/network-policy-generator/test/utils/utils.go:157.38,158.32 1 0
github.com/somaz94/network-policy-generator/test/utils/utils.go:158.32,159.35 1 0
github.com/somaz94/network-policy-generator/test/utils/utils.go:159.35,161.5 1 0
github.com/somaz94/network-policy-generator/test/utils/utils.go:165.2,165.14 1 0
github.com/somaz94/network-policy-generator/test/utils/utils.go:169.56,171.47 2 0
github.com/somaz94/network-policy-generator/test/utils/utils.go:171.47,173.3 1 0
github.com/somaz94/network-policy-generator/test/utils/utils.go:174.2,177.12 4 0
github.com/somaz94/network-policy-generator/test/utils/utils.go:182.47,185.35 3 0
github.com/somaz94/network-policy-generator/test/utils/utils.go:185.35,186.20 1 0
github.com/somaz94/network-policy-generator/test/utils/utils.go:186.20,188.4 1 0
github.com/somaz94/network-policy-generator/test/utils/utils.go:191.2,191.12 1 0
github.com/somaz94/network-policy-generator/test/utils/utils.go:195.38,197.16 2 0
github.com/somaz94/network-policy-generator/test/utils/utils.go:197.16,199.3 1 0
github.com/somaz94/network-policy-generator/test/utils/utils.go:200.2,201.16 2 0
github.com/somaz94/network-policy-generator/test/utils/utils.go:206.59,210.16 2 0
github.com/somaz94/network-policy-generator/test/utils/utils.go:210.16,212.3 1 0
github.com/somaz94/network-policy-generator/test/utils/utils.go:213.2,216.13 3 0
github.com/somaz94/network-policy-generator/test/utils/utils.go:216.13,218.3 1 0
github.com/somaz94/network-policy-generator/test/utils/utils.go:220.2,222.16 3 0
github.com/somaz94/network-policy-generator/test/utils/utils.go:222.16,224.3 1 0
github.com/somaz94/network-policy-generator/test/utils/utils.go:226.2,227.21 2 0
github.com/somaz94/network-policy-generator/test/utils/utils.go:227.21,229.3 1 0
github.com/somaz94/network-policy-generator/test/utils/utils.go:230.2,230.6 1 0
github.com/somaz94/network-policy-generator/test/utils/utils.go:230.6,232.17 2 0
github.com/somaz94/network-policy-generator/test/utils/utils.go:232.17,234.4 1 0
github.com/somaz94/network-policy-generator/test/utils/utils.go:236.3,236.22 1 0
github.com/somaz94/network-policy-generator/test/utils/utils.go:236.22,237.9 1 0
github.com/somaz94/network-policy-generator/test/utils/utils.go:239.3,239.50 1 0
github.com/somaz94/network-policy-generator/test/utils/utils.go:239.50,241.4 1 0
github.com/somaz94/network-policy-generator/test/utils/utils.go:244.2,245.16 2 0
github.com/somaz94/network-policy-generator/test/utils/utils.go:245.16,247.3 1 0
github.com/somaz94/network-policy-generator/test/utils/utils.go:250.2,250.50 1 0
github.com/somaz94/network-policy-generator/api/v1/networkpolicygenerator_types.go:158.13,160.2 1 1
github.com/somaz94/network-policy-generator/api/v1/zz_generated.deepcopy.go:28.59,32.2 3 0
github.com/somaz94/network-policy-generator/api/v1/zz_generated.deepcopy.go:35.52,36.15 1 0
github.com/somaz94/network-policy-generator/api/v1/zz_generated.deepcopy.go:36.15,38.3 1 0
github.com/somaz94/network-policy-generator/api/v1/zz_generated.deepcopy.go:39.2,41.12 3 0
github.com/somaz94/network-policy-generator/api/v1/zz_generated.deepcopy.go:45.63,47.2 1 0
github.com/somaz94/network-policy-generator/api/v1/zz_generated.deepcopy.go:50.56,51.15 1 0
github.com/somaz94/network-policy-generator/api/v1/zz_generated.deepcopy.go:51.15,53.3 1 0
github.com/somaz94/network-policy-generator/api/v1/zz_generated.deepcopy.go:54.2,56.12 3 0
github.com/somaz94/network-policy-generator/api/v1/zz_generated.deepcopy.go:60.53,62.2 1 0
github.com/somaz94/network-policy-generator/api/v1/zz_generated.deepcopy.go:65.46,66.15 1 0
github.com/somaz94/network-policy-generator/api/v1/zz_generated.deepcopy.go:66.15,68.3 1 0
github.com/somaz94/network-policy-generator/api/v1/zz_generated.deepcopy.go:69.2,71.12 3 0
github.com/somaz94/network-policy-generator/api/v1/zz_generated.deepcopy.go:75.59,77.23 2 0
github.com/somaz94/network-policy-generator/api/v1/zz_generated.deepcopy.go:77.23,81.3 3 0
github.com/somaz94/network-policy-generator/api/v1/zz_generated.deepcopy.go:82.2,82.22 1 0
github.com/somaz94/network-policy-generator/api/v1/zz_generated.deepcopy.go:82.22,86.3 3 0
github.com/somaz94/network-policy-generator/api/v1/zz_generated.deepcopy.go:90.52,91.15 1 0
github.com/somaz94/network-policy-generator/api/v1/zz_generated.deepcopy.go:91.15,93.3 1 0
github.com/somaz94/network-policy-generator/api/v1/zz_generated.deepcopy.go:94.2,96.12 3 0
github.com/somaz94/network-policy-generator/api/v1/zz_generated.deepcopy.go:100.77,106.2 5 0
github.com/somaz94/network-policy-generator/api/v1/zz_generated.deepcopy.go:109.70,110.15 1 0
github.com/somaz94/network-policy-generator/api/v1/zz_generated.deepcopy.go:110.15,112.3 1 0
github.com/somaz94/network-policy-generator/api/v1/zz_generated.deepcopy.go:113.2,115.12 3 0
github.com/somaz94/network-policy-generator/api/v1/zz_generated.deepcopy.go:119.67,120.34 1 0
github.com/somaz94/network-policy-generator/api/v1/zz_generated.deepcopy.go:120.34,122.3 1 0
github.com/somaz94/network-policy-generator/api/v1/zz_generated.deepcopy.go:123.2,123.12 1 0
github.com/somaz94/network-policy-generator/api/v1/zz_generated.deepcopy.go:127.85,131.21 4 0
github.com/somaz94/network-policy-generator/api/v1/zz_generated.deepcopy.go:131.21,134.22 3 0
github.com/somaz94/network-policy-generator/api/v1/zz_generated.deepcopy.go:134.22,136.4 1 0
github.com/somaz94/network-policy-generator/api/v1/zz_generated.deepcopy.go:141.78,142.15 1 0
github.com/somaz94/network-policy-generator/api/v1/zz_generated.deepcopy.go:142.15,144.3 1 0
github.com/somaz94/network-policy-generator/api/v1/zz_generated.deepcopy.go:145.2,147.12 3 0
github.com/somaz94/network-policy-generator/api/v1/zz_generated.deepcopy.go:151.71,152.34 1 0
github.com/somaz94/network-policy-generator/api/v1/zz_generated.deepcopy.go:152.34,154.3 1 0
github.com/somaz94/network-policy-generator/api/v1/zz_generated.deepcopy.go:155.2,155.12 1 0
github.com/somaz94/network-policy-generator/api/v1/zz_generated.deepcopy.go:159.85,163.33 4 0
github.com/somaz94/network-policy-generator/api/v1/zz_generated.deepcopy.go:163.33,167.3 3 0
github.com/somaz94/network-policy-generator/api/v1/zz_generated.deepcopy.go:168.2,168.32 1 0
github.com/somaz94/network-policy-generator/api/v1/zz_generated.deepcopy.go:168.32,172.3 3 0
github.com/somaz94/network-policy-generator/api/v1/zz_generated.deepcopy.go:173.2,173.32 1 0
github.com/somaz94/network-policy-generator/api/v1/zz_generated.deepcopy.go:173.32,177.3 3 0
github.com/somaz94/network-policy-generator/api/v1/zz_generated.deepcopy.go:178.2,178.31 1 0
github.com/somaz94/network-policy-generator/api/v1/zz_generated.deepcopy.go:178.31,182.3 3 0
github.com/somaz94/network-policy-generator/api/v1/zz_generated.deepcopy.go:186.78,187.15 1 0
github.com/somaz94/network-policy-generator/api/v1/zz_generated.deepcopy.go:187.15,189.3 1 0
github.com/somaz94/network-policy-generator/api/v1/zz_generated.deepcopy.go:190.2,192.12 3 0
github.com/somaz94/network-policy-generator/api/v1/zz_generated.deepcopy.go:196.89,199.31 3 0
github.com/somaz94/network-policy-generator/api/v1/zz_generated.deepcopy.go:199.31,203.3 3 0
github.com/somaz94/network-policy-generator/api/v1/zz_generated.deepcopy.go:207.82,208.15 1 0
github.com/somaz94/network-policy-generator/api/v1/zz_generated.deepcopy.go:208.15,210.3 1 0
github.com/somaz94/network-policy-generator/api/v1/zz_generated.deepcopy.go:211.2,213.12 3 0
github.com/somaz94/network-policy-generator/api/v1/zz_generated.deepcopy.go:217.55,219.2 1 0
github.com/somaz94/network-policy-generator/api/v1/zz_generated.deepcopy.go:222.48,223.15 1 0
github.com/somaz94/network-policy-generator/api/v1/zz_generated.deepcopy.go:223.15,225.3 1 0
github.com/somaz94/network-policy-generator/api/v1/zz_generated.deepcopy.go:226.2,228.12 3 0
github.com/somaz94/network-policy-generator/internal/policy/generator.go:19.32,21.2 1 1
github.com/somaz94/network-policy-generator/internal/policy/generator.go:24.126,53.65 2 1
github.com/somaz94/network-policy-generator/internal/policy/generator.go:53.65,54.47 1 1
github.com/somaz94/network-policy-generator/internal/policy/generator.go:54.47,87.4 3 1
github.com/somaz94/network-policy-generator/internal/policy/generator.go:88.8,90.48 1 1
github.com/somaz94/network-policy-generator/internal/policy/generator.go:90.48,93.56 2 1
github.com/somaz94/network-policy-generator/internal/policy/generator.go:93.56,101.5 1 1
github.com/somaz94/network-policy-generator/internal/policy/generator.go:102.4,110.56 3 1
github.com/somaz94/network-policy-generator/internal/policy/generator.go:110.56,118.5 1 1
github.com/somaz94/network-policy-generator/internal/policy/generator.go:119.4,123.5 1 1
github.com/somaz94/network-policy-generator/internal/policy/generator.go:128.2,128.87 1 1
github.com/somaz94/network-policy-generator/internal/policy/generator.go:128.87,129.64 1 1
github.com/somaz94/network-policy-generator/internal/policy/generator.go:129.64,146.4 2 1
github.com/somaz94/network-policy-generator/internal/policy/generator.go:148.3,148.63 1 1
github.com/somaz94/network-policy-generator/internal/policy/generator.go:148.63,165.4 2 1
github.com/somaz94/network-policy-generator/internal/policy/generator.go:169.2,169.85 1 1
github.com/somaz94/network-policy-generator/internal/policy/generator.go:169.85,170.63 1 1
github.com/somaz94/network-policy-generator/internal/policy/generator.go:170.63,180.4 2 1
github.com/somaz94/network-policy-generator/internal/policy/generator.go:182.3,182.62 1 1
github.com/somaz94/network-policy-generator/internal/policy/generator.go:182.62,192.4 2 1
github.com/somaz94/network-policy-generator/internal/policy/generator.go:195.2,195.20 1 1
github.com/somaz94/network-policy-generator/internal/policy/rules.go:20.65,31.32 4 1
github.com/somaz94/network-policy-generator/internal/policy/rules.go:31.32,46.3 2 1
github.com/somaz94/network-policy-generator/internal/policy/rules.go:48.2,50.14 3 1
github.com/somaz94/network-policy-generator/internal/policy/rules.go:54.71,57.25 2 1
github.com/somaz94/network-policy-generator/internal/policy/rules.go:57.25,90.3 4 1
github.com/somaz94/network-policy-generator/internal/policy/rules.go:92.2,92.14 1 1
github.com/somaz94/network-policy-generator/internal/policy/rules.go:96.99,98.29 2 1
github.com/somaz94/network-policy-generator/internal/policy/rules.go:98.29,117.3 2 1
github.com/somaz94/network-policy-generator/internal/policy/rules.go:118.2,118.14 1 1
github.com/somaz94/network-policy-generator/internal/policy/rules.go:122.97,124.29 2 1
github.com/somaz94/network-policy-generator/internal/policy/rules.go:124.29,143.3 2 1
github.com/somaz94/network-policy-generator/internal/policy/rules.go:144.2,144.14 1 1
github.com/somaz94/network-policy-generator/internal/policy/validator.go:14.32,16.2 1 1
github.com/somaz94/network-policy-generator/internal/policy/validator.go:19.124,20.23 1 1
github.com/somaz94/network-policy-generator/internal/policy/validator.go:20.23,22.3 1 0
github.com/somaz94/network-policy-generator/internal/policy/validator.go:24.2,24.45 1 1
github.com/somaz94/network-policy-generator/internal/policy/validator.go:24.45,26.3 1 0
github.com/somaz94/network-policy-generator/internal/policy/validator.go:29.2,29.62 1 1
github.com/somaz94/network-policy-generator/internal/policy/validator.go:29.62,31.3 1 1
github.com/somaz94/network-policy-generator/internal/policy/validator.go:33.2,33.32 1 1
github.com/somaz94/network-policy-generator/internal/policy/validator.go:37.77,39.43 1 1
github.com/somaz94/network-policy-generator/internal/policy/validator.go:39.43,40.53 1 1
github.com/somaz94/network-policy-generator/internal/policy/validator.go:40.53,42.4 1 1
github.com/somaz94/network-policy-generator/internal/policy/validator.go:46.2,46.42 1 1
github.com/somaz94/network-policy-generator/internal/policy/validator.go:46.42,47.53 1 0
github.com/somaz94/network-policy-generator/internal/policy/validator.go:47.53,49.4 1 0
github.com/somaz94/network-policy-generator/internal/policy/validator.go:52.2,52.12 1 1
github.com/somaz94/network-policy-generator/internal/policy/validator.go:56.81,57.29 1 1
github.com/somaz94/network-policy-generator/internal/policy/validator.go:57.29,58.23 1 1
github.com/somaz94/network-policy-generator/internal/policy/validator.go:58.23,60.39 2 1
github.com/somaz94/network-policy-generator/internal/policy/validator.go:60.39,62.5 1 1
github.com/somaz94/network-policy-generator/internal/policy/validator.go:65.3,65.27 1 1
github.com/somaz94/network-policy-generator/internal/policy/validator.go:65.27,67.68 2 1
github.com/somaz94/network-policy-generator/internal/policy/validator.go:67.68,69.5 1 1
github.com/somaz94/network-policy-generator/internal/policy/validator.go:72.2,72.12 1 1
github.com/somaz94/network-policy-generator/internal/policy/validator.go:75.98,78.53 2 1
github.com/somaz94/network-policy-generator/internal/policy/validator.go:78.53,80.3 1 1
github.com/somaz94/network-policy-generator/internal/policy/validator.go:82.2,82.54 1 1
github.com/somaz94/network-policy-generator/internal/policy/validator.go:82.54,83.20 1 1
github.com/somaz94/network-policy-generator/internal/policy/validator.go:83.20,85.4 1 1
github.com/somaz94/network-policy-generator/internal/policy/validator.go:88.2,88.12 1 1
github.com/somaz94/network-policy-generator/api/v1/networkpolicygenerator_types.go:158.13,160.2 1 1
github.com/somaz94/network-policy-generator/api/v1/zz_generated.deepcopy.go:28.59,32.2 3 0
github.com/somaz94/network-policy-generator/api/v1/zz_generated.deepcopy.go:35.52,36.15 1 0
github.com/somaz94/network-policy-generator/api/v1/zz_generated.deepcopy.go:36.15,38.3 1 0
github.com/somaz94/network-policy-generator/api/v1/zz_generated.deepcopy.go:39.2,41.12 3 0
github.com/somaz94/network-policy-generator/api/v1/zz_generated.deepcopy.go:45.63,47.2 1 0
github.com/somaz94/network-policy-generator/api/v1/zz_generated.deepcopy.go:50.56,51.15 1 0
github.com/somaz94/network-policy-generator/api/v1/zz_generated.deepcopy.go:51.15,53.3 1 0
github.com/somaz94/network-policy-generator/api/v1/zz_generated.deepcopy.go:54.2,56.12 3 0
github.com/somaz94/network-policy-generator/api/v1/zz_generated.deepcopy.go:60.53,62.2 1 0
github.com/somaz94/network-policy-generator/api/v1/zz_generated.deepcopy.go:65.46,66.15 1 0
github.com/somaz94/network-policy-generator/api/v1/zz_generated.deepcopy.go:66.15,68.3 1 0
github.com/somaz94/network-policy-generator/api/v1/zz_generated.deepcopy.go:69.2,71.12 3 0
github.com/somaz94/network-policy-generator/api/v1/zz_generated.deepcopy.go:75.59,77.23 2 0
github.com/somaz94/network-policy-generator/api/v1/zz_generated.deepcopy.go:77.23,81.3 3 0
github.com/somaz94/network-policy-generator/api/v1/zz_generated.deepcopy.go:82.2,82.22 1 0
github.com/somaz94/network-policy-generator/api/v1/zz_generated.deepcopy.go:82.22,86.3 3 0
github.com/somaz94/network-policy-generator/api/v1/zz_generated.deepcopy.go:90.52,91.15 1 0
github.com/somaz94/network-policy-generator/api/v1/zz_generated.deepcopy.go:91.15,93.3 1 0
github.com/somaz94/network-policy-generator/api/v1/zz_generated.deepcopy.go:94.2,96.12 3 0
github.com/somaz94/network-policy-generator/api/v1/zz_generated.deepcopy.go:100.77,106.2 5 0
github.com/somaz94/network-policy-generator/api/v1/zz_generated.deepcopy.go:109.70,110.15 1 0
github.com/somaz94/network-policy-generator/api/v1/zz_generated.deepcopy.go:110.15,112.3 1 0
github.com/somaz94/network-policy-generator/api/v1/zz_generated.deepcopy.go:113.2,115.12 3 0
github.com/somaz94/network-policy-generator/api/v1/zz_generated.deepcopy.go:119.67,120.34 1 0
github.com/somaz94/network-policy-generator/api/v1/zz_generated.deepcopy.go:120.34,122.3 1 0
github.com/somaz94/network-policy-generator/api/v1/zz_generated.deepcopy.go:123.2,123.12 1 0
github.com/somaz94/network-policy-generator/api/v1/zz_generated.deepcopy.go:127.85,131.21 4 0
github.com/somaz94/network-policy-generator/api/v1/zz_generated.deepcopy.go:131.21,134.22 3 0
github.com/somaz94/network-policy-generator/api/v1/zz_generated.deepcopy.go:134.22,136.4 1 0
github.com/somaz94/network-policy-generator/api/v1/zz_generated.deepcopy.go:141.78,142.15 1 0
github.com/somaz94/network-policy-generator/api/v1/zz_generated.deepcopy.go:142.15,144.3 1 0
github.com/somaz94/network-policy-generator/api/v1/zz_generated.deepcopy.go:145.2,147.12 3 0
github.com/somaz94/network-policy-generator/api/v1/zz_generated.deepcopy.go:151.71,152.34 1 0
github.com/somaz94/network-policy-generator/api/v1/zz_generated.deepcopy.go:152.34,154.3 1 0
github.com/somaz94/network-policy-generator/api/v1/zz_generated.deepcopy.go:155.2,155.12 1 0
github.com/somaz94/network-policy-generator/api/v1/zz_generated.deepcopy.go:159.85,163.33 4 0
github.com/somaz94/network-policy-generator/api/v1/zz_generated.deepcopy.go:163.33,167.3 3 0
github.com/somaz94/network-policy-generator/api/v1/zz_generated.deepcopy.go:168.2,168.32 1 0
github.com/somaz94/network-policy-generator/api/v1/zz_generated.deepcopy.go:168.32,172.3 3 0
github.com/somaz94/network-policy-generator/api/v1/zz_generated.deepcopy.go:173.2,173.32 1 0
github.com/somaz94/network-policy-generator/api/v1/zz_generated.deepcopy.go:173.32,177.3 3 0
github.com/somaz94/network-policy-generator/api/v1/zz_generated.deepcopy.go:178.2,178.31 1 0
github.com/somaz94/network-policy-generator/api/v1/zz_generated.deepcopy.go:178.31,182.3 3 0
github.com/somaz94/network-policy-generator/api/v1/zz_generated.deepcopy.go:186.78,187.15 1 0
github.com/somaz94/network-policy-generator/api/v1/zz_generated.deepcopy.go:187.15,189.3 1 0
github.com/somaz94/network-policy-generator/api/v1/zz_generated.deepcopy.go:190.2,192.12 3 0
github.com/somaz94/network-policy-generator/api/v1/zz_generated.deepcopy.go:196.89,199.31 3 0
github.com/somaz94/network-policy-generator/api/v1/zz_generated.deepcopy.go:199.31,203.3 3 0
github.com/somaz94/network-policy-generator/api/v1/zz_generated.deepcopy.go:207.82,208.15 1 0
github.com/somaz94/network-policy-generator/api/v1/zz_generated.deepcopy.go:208.15,210.3 1 0
github.com/somaz94/network-policy-generator/api/v1/zz_generated.deepcopy.go:211.2,213.12 3 0
github.com/somaz94/network-policy-generator/api/v1/zz_generated.deepcopy.go:217.55,219.2 1 0
github.com/somaz94/network-policy-generator/api/v1/zz_generated.deepcopy.go:222.48,223.15 1 0
github.com/somaz94/network-policy-generator/api/v1/zz_generated.deepcopy.go:223.15,225.3 1 0
github.com/somaz94/network-policy-generator/api/v1/zz_generated.deepcopy.go:226.2,228.12 3 0
github.com/somaz94/network-policy-generator/internal/monitor/collector.go:24.77,29.2 1 1
github.com/somaz94/network-policy-generator/internal/monitor/collector.go:32.95,37.16 4 1
github.com/somaz94/network-policy-generator/internal/monitor/collector.go:37.16,39.3 1 0
github.com/somaz94/network-policy-generator/internal/monitor/collector.go:41.2,41.33 1 1
github.com/somaz94/network-policy-generator/internal/monitor/collector.go:41.33,43.17 2 1
github.com/somaz94/network-policy-generator/internal/monitor/collector.go:43.17,45.12 2 0
github.com/somaz94/network-policy-generator/internal/monitor/collector.go:47.3,47.37 1 1
github.com/somaz94/network-policy-generator/internal/monitor/collector.go:50.2,50.19 1 1
github.com/somaz94/network-policy-generator/internal/monitor/collector.go:54.90,57.48 2 1
github.com/somaz94/network-policy-generator/internal/monitor/collector.go:57.48,58.40 1 1
github.com/somaz94/network-policy-generator/internal/monitor/collector.go:58.40,66.4 2 1
github.com/somaz94/network-policy-generator/internal/monitor/collector.go:68.3,68.65 1 1
github.com/somaz94/network-policy-generator/internal/monitor/collector.go:71.2,71.19 1 1
github.com/somaz94/network-policy-generator/internal/monitor/collector.go:75.109,78.30 2 1
github.com/somaz94/network-policy-generator/internal/monitor/collector.go:78.30,81.60 1 1
github.com/somaz94/network-policy-generator/internal/monitor/collector.go:81.60,84.18 2 1
github.com/somaz94/network-policy-generator/internal/monitor/collector.go:84.18,94.5 2 1
github.com/somaz94/network-policy-generator/internal/monitor/collector.go:98.2,98.14 1 1
github.com/somaz94/network-policy-generator/internal/monitor/collector.go:102.53,104.20 2 1
github.com/somaz94/network-policy-generator/internal/monitor/collector.go:104.20,106.3 1 1
github.com/somaz94/network-policy-generator/internal/monitor/collector.go:108.2,109.16 2 1
github.com/somaz94/network-policy-generator/internal/monitor/collector.go:109.16,111.3 1 1
github.com/somaz94/network-policy-generator/internal/monitor/collector.go:113.2,113.30 1 1
github.com/somaz94/network-policy-generator/internal/monitor/collector.go:117.43,119.21 2 1
github.com/somaz94/network-policy-generator/internal/monitor/collector.go:119.21,121.3 1 1
github.com/somaz94/network-policy-generator/internal/monitor/collector.go:122.2,122.11 1 0
github.com/somaz94/network-policy-generator/internal/monitor/collector.go:126.45,128.20 2 1
github.com/somaz94/network-policy-generator/internal/monitor/collector.go:128.20,130.3 1 1
github.com/somaz94/network-policy-generator/internal/monitor/collector.go:131.2,131.11 1 0
github.com/somaz94/network-policy-generator/internal/monitor/monitor.go:30.64,31.26 1 0
github.com/somaz94/network-policy-generator/internal/monitor/monitor.go:31.26,33.3 1 0
github.com/somaz94/network-policy-generator/internal/monitor/monitor.go:37.96,48.27 2 1
github.com/somaz94/network-policy-generator/internal/monitor/monitor.go:48.27,50.3 1 0
github.com/somaz94/network-policy-generator/internal/monitor/monitor.go:52.2,52.10 1 1
github.com/somaz94/network-policy-generator/internal/monitor/monitor.go:56.52,62.2 4 1
github.com/somaz94/network-policy-generator/internal/monitor/monitor.go:65.26,67.2 1 1
github.com/somaz94/network-policy-generator/internal/monitor/monitor.go:70.57,74.2 3 1
github.com/somaz94/network-policy-generator/internal/monitor/monitor.go:77.55,82.6 4 1
github.com/somaz94/network-policy-generator/internal/monitor/monitor.go:82.6,83.10 1 1
github.com/somaz94/network-policy-generator/internal/monitor/monitor.go:84.21,86.10 2 0
github.com/somaz94/network-policy-generator/internal/monitor/monitor.go:87.19,89.10 2 1
github.com/somaz94/network-policy-generator/internal/monitor/monitor.go:90.19,91.52 1 0
github.com/somaz94/network-policy-generator/internal/monitor/monitor.go:91.52,93.5 1 0
github.com/somaz94/network-policy-generator/internal/monitor/monitor.go:99.65,103.16 3 1
github.com/somaz94/network-policy-generator/internal/monitor/monitor.go:103.16,105.3 1 0
github.com/somaz94/network-policy-generator/internal/monitor/monitor.go:107.2,107.29 1 1
github.com/somaz94/network-policy-generator/internal/monitor/monitor.go:107.29,109.3 1 1
github.com/somaz94/network-policy-generator/internal/monitor/monitor.go:111.2,115.12 2 1
github.com/somaz94/network-policy-generator/internal/monitor/monitor.go:119.63,123.24 3 1
github.com/somaz94/network-policy-generator/internal/monitor/monitor.go:123.24,125.3 1 1
github.com/somaz94/network-policy-generator/internal/monitor/monitor.go:127.2,127.37 1 1
github.com/somaz94/network-policy-generator/internal/monitor/monitor.go:127.37,128.34 1 1
github.com/somaz94/network-policy-generator/internal/monitor/monitor.go:128.34,130.4 1 1
github.com/somaz94/network-policy-generator/internal/monitor/monitor.go:133.2,133.37 1 1
github.com/somaz94/network-policy-generator/internal/monitor/monitor.go:137.52,142.2 1 1
github.com/somaz94/network-policy-generator/internal/monitor/monitor.go:145.52,152.2 1 1
github.com/somaz94/network-policy-generator/api/v1/networkpolicygenerator_types.go:158.13,160.2 1 1
github.com/somaz94/network-policy-generator/api/v1/zz_generated.deepcopy.go:28.59,32.2 3 0
github.com/somaz94/network-policy-generator/api/v1/zz_generated.deepcopy.go:35.52,36.15 1 0
github.com/somaz94/network-policy-generator/api/v1/zz_generated.deepcopy.go:36.15,38.3 1 0
github.com/somaz94/network-policy-generator/api/v1/zz_generated.deepcopy.go:39.2,41.12 3 0
github.com/somaz94/network-policy-generator/api/v1/zz_generated.deepcopy.go:45.63,47.2 1 0
github.com/somaz94/network-policy-generator/api/v1/zz_generated.deepcopy.go:50.56,51.15 1 0
github.com/somaz94/network-policy-generator/api/v1/zz_generated.deepcopy.go:51.15,53.3 1 0
github.com/somaz94/network-policy-generator/api/v1/zz_generated.deepcopy.go:54.2,56.12 3 0
github.com/somaz94/network-policy-generator/api/v1/zz_generated.deepcopy.go:60.53,62.2 1 0
github.com/somaz94/network-policy-generator/api/v1/zz_generated.deepcopy.go:65.46,66.15 1 0
github.com/somaz94/network-policy-generator/api/v1/zz_generated.deepcopy.go:66.15,68.3 1 0
github.com/somaz94/network-policy-generator/api/v1/zz_generated.deepcopy.go:69.2,71.12 3 0
github.com/somaz94/network-policy-generator/api/v1/zz_generated.deepcopy.go:75.59,77.23 2 0
github.com/somaz94/network-policy-generator/api/v1/zz_generated.deepcopy.go:77.23,81.3 3 0
github.com/somaz94/network-policy-generator/api/v1/zz_generated.deepcopy.go:82.2,82.22 1 0
github.com/somaz94/network-policy-generator/api/v1/zz_generated.deepcopy.go:82.22,86.3 3 0
github.com/somaz94/network-policy-generator/api/v1/zz_generated.deepcopy.go:90.52,91.15 1 0
github.com/somaz94/network-policy-generator/api/v1/zz_generated.deepcopy.go:91.15,93.3 1 0
github.com/somaz94/network-policy-generator/api/v1/zz_generated.deepcopy.go:94.2,96.12 3 0
github.com/somaz94/network-policy-generator/api/v1/zz_generated.deepcopy.go:100.77,106.2 5 0
github.com/somaz94/network-policy-generator/api/v1/zz_generated.deepcopy.go:109.70,110.15 1 0
github.com/somaz94/network-policy-generator/api/v1/zz_generated.deepcopy.go:110.15,112.3 1 0
github.com/somaz94/network-policy-generator/api/v1/zz_generated.deepcopy.go:113.2,115.12 3 0
github.com/somaz94/network-policy-generator/api/v1/zz_generated.deepcopy.go:119.67,120.34 1 0
github.com/somaz94/network-policy-generator/api/v1/zz_generated.deepcopy.go:120.34,122.3 1 0
github.com/somaz94/network-policy-generator/api/v1/zz_generated.deepcopy.go:123.2,123.12 1 0
github.com/somaz94/network-policy-generator/api/v1/zz_generated.deepcopy.go:127.85,131.21 4 0
github.com/somaz94/network-policy-generator/api/v1/zz_generated.deepcopy.go:131.21,134.22 3 0
github.com/somaz94/network-policy-generator/api/v1/zz_generated.deepcopy.go:134.22,136.4 1 0
github.com/somaz94/network-policy-generator/api/v1/zz_generated.deepcopy.go:141.78,142.15 1 0
github.com/somaz94/network-policy-generator/api/v1/zz_generated.deepcopy.go:142.15,144.3 1 0
github.com/somaz94/network-policy-generator/api/v1/zz_generated.deepcopy.go:145.2,147.12 3 0
github.com/somaz94/network-policy-generator/api/v1/zz_generated.deepcopy.go:151.71,152.34 1 0
github.com/somaz94/network-policy-generator/api/v1/zz_generated.deepcopy.go:152.34,154.3 1 0
github.com/somaz94/network-policy-generator/api/v1/zz_generated.deepcopy.go:155.2,155.12 1 0
github.com/somaz94/network-policy-generator/api/v1/zz_generated.deepcopy.go:159.85,163.33 4 0
github.com/somaz94/network-policy-generator/api/v1/zz_generated.deepcopy.go:163.33,167.3 3 0
github.com/somaz94/network-policy-generator/api/v1/zz_generated.deepcopy.go:168.2,168.32 1 0
github.com/somaz94/network-policy-generator/api/v1/zz_generated.deepcopy.go:168.32,172.3 3 0
github.com/somaz94/network-policy-generator/api/v1/zz_generated.deepcopy.go:173.2,173.32 1 0
github.com/somaz94/network-policy-generator/api/v1/zz_generated.deepcopy.go:173.32,177.3 3 0
github.com/somaz94/network-policy-generator/api/v1/zz_generated.deepcopy.go:178.2,178.31 1 0
github.com/somaz94/network-policy-generator/api/v1/zz_generated.deepcopy.go:178.31,182.3 3 0
github.com/somaz94/network-policy-generator/api/v1/zz_generated.deepcopy.go:186.78,187.15 1 0
github.com/somaz94/network-policy-generator/api/v1/zz_generated.deepcopy.go:187.15,189.3 1 0
github.com/somaz94/network-policy-generator/api/v1/zz_generated.deepcopy.go:190.2,192.12 3 0
github.com/somaz94/network-policy-generator/api/v1/zz_generated.deepcopy.go:196.89,199.31 3 0
github.com/somaz94/network-policy-generator/api/v1/zz_generated.deepcopy.go:199.31,203.3 3 0
github.com/somaz94/network-policy-generator/api/v1/zz_generated.deepcopy.go:207.82,208.15 1 0
github.com/somaz94/network-policy-generator/api/v1/zz_generated.deepcopy.go:208.15,210.3 1 0
github.com/somaz94/network-policy-generator/api/v1/zz_generated.deepcopy.go:211.2,213.12 3 0
github.com/somaz94/network-policy-generator/api/v1/zz_generated.deepcopy.go:217.55,219.2 1 0
github.com/somaz94/network-policy-generator/api/v1/zz_generated.deepcopy.go:222.48,223.15 1 0
github.com/somaz94/network-policy-generator/api/v1/zz_generated.deepcopy.go:223.15,225.3 1 0
github.com/somaz94/network-policy-generator/api/v1/zz_generated.deepcopy.go:226.2,228.12 3 0
github.com/somaz94/network-policy-generator/internal/controller/module_handlers.go:19.151,23.42 2 1
github.com/somaz94/network-policy-generator/internal/controller/module_handlers.go:23.42,25.59 2 1
github.com/somaz94/network-policy-generator/internal/controller/module_handlers.go:25.59,28.4 2 0
github.com/somaz94/network-policy-generator/internal/controller/module_handlers.go:31.2,31.44 1 1
github.com/somaz94/network-policy-generator/internal/controller/module_handlers.go:31.44,33.59 2 1
github.com/somaz94/network-policy-generator/internal/controller/module_handlers.go:33.59,35.4 1 0
github.com/somaz94/network-policy-generator/internal/controller/module_handlers.go:39.2,40.16 2 1
github.com/somaz94/network-policy-generator/internal/controller/module_handlers.go:40.16,43.3 2 0
github.com/somaz94/network-policy-generator/internal/controller/module_handlers.go:45.2,63.53 2 1
github.com/somaz94/network-policy-generator/internal/controller/module_handlers.go:63.53,64.37 1 1
github.com/somaz94/network-policy-generator/internal/controller/module_handlers.go:64.37,65.55 1 1
github.com/somaz94/network-policy-generator/internal/controller/module_handlers.go:65.55,68.5 2 0
github.com/somaz94/network-policy-generator/internal/controller/module_handlers.go:69.9,72.4 2 0
github.com/somaz94/network-policy-generator/internal/controller/module_handlers.go:75.2,76.49 2 1
github.com/somaz94/network-policy-generator/internal/controller/module_handlers.go:76.49,84.26 3 1
github.com/somaz94/network-policy-generator/internal/controller/module_handlers.go:84.26,86.4 1 0
github.com/somaz94/network-policy-generator/internal/controller/module_handlers.go:89.3,90.56 2 1
github.com/somaz94/network-policy-generator/internal/controller/module_handlers.go:90.56,93.4 2 0
github.com/somaz94/network-policy-generator/internal/controller/module_handlers.go:94.3,94.28 1 1
github.com/somaz94/network-policy-generator/internal/controller/module_handlers.go:97.2,99.8 1 1
github.com/somaz94/network-policy-generator/internal/controller/module_handlers.go:103.152,108.16 3 1
github.com/somaz94/network-policy-generator/internal/controller/module_handlers.go:108.16,111.3 2 0
github.com/somaz94/network-policy-generator/internal/controller/module_handlers.go:113.2,131.53 2 1
github.com/somaz94/network-policy-generator/internal/controller/module_handlers.go:131.53,132.37 1 1
github.com/somaz94/network-policy-generator/internal/controller/module_handlers.go:132.37,133.55 1 1
github.com/somaz94/network-policy-generator/internal/controller/module_handlers.go:133.55,136.5 2 0
github.com/somaz94/network-policy-generator/internal/controller/module_handlers.go:137.9,140.4 2 0
github.com/somaz94/network-policy-generator/internal/controller/module_handlers.go:143.2,147.27 2 1
github.com/somaz94/network-policy-generator/internal/controller/networkpolicygenerator_controller.go:28.100,35.2 1 0
github.com/somaz94/network-policy-generator/internal/controller/networkpolicygenerator_controller.go:48.114,52.66 3 1
github.com/somaz94/network-policy-generator/internal/controller/networkpolicygenerator_controller.go:52.66,53.32 1 0
github.com/somaz94/network-policy-generator/internal/controller/networkpolicygenerator_controller.go:53.32,55.4 1 0
github.com/somaz94/network-policy-generator/internal/controller/networkpolicygenerator_controller.go:56.3,56.28 1 0
github.com/somaz94/network-policy-generator/internal/controller/networkpolicygenerator_controller.go:60.2,60.53 1 1
github.com/somaz94/network-policy-generator/internal/controller/networkpolicygenerator_controller.go:60.53,62.70 1 1
github.com/somaz94/network-policy-generator/internal/controller/networkpolicygenerator_controller.go:62.70,65.51 2 1
github.com/somaz94/network-policy-generator/internal/controller/networkpolicygenerator_controller.go:65.51,67.5 1 0
github.com/somaz94/network-policy-generator/internal/controller/networkpolicygenerator_controller.go:69.8,71.69 1 1
github.com/somaz94/network-policy-generator/internal/controller/networkpolicygenerator_controller.go:71.69,73.64 1 1
github.com/somaz94/network-policy-generator/internal/controller/networkpolicygenerator_controller.go:73.64,75.5 1 0
github.com/somaz94/network-policy-generator/internal/controller/networkpolicygenerator_controller.go:78.4,80.51 2 1
github.com/somaz94/network-policy-generator/internal/controller/networkpolicygenerator_controller.go:80.51,82.5 1 0
github.com/somaz94/network-policy-generator/internal/controller/networkpolicygenerator_controller.go:84.3,84.28 1 1
github.com/somaz94/network-policy-generator/internal/controller/networkpolicygenerator_controller.go:87.2,87.29 1 1
github.com/somaz94/network-policy-generator/internal/controller/networkpolicygenerator_controller.go:88.18,89.46 1 1
github.com/somaz94/network-policy-generator/internal/controller/networkpolicygenerator_controller.go:90.19,91.47 1 1
github.com/somaz94/network-policy-generator/internal/controller/networkpolicygenerator_controller.go:92.10,94.76 2 1
github.com/somaz94/network-policy-generator/internal/controller/networkpolicygenerator_controller.go:99.137,106.16 3 1
github.com/somaz94/network-policy-generator/internal/controller/networkpolicygenerator_controller.go:106.16,107.32 1 1
github.com/somaz94/network-policy-generator/internal/controller/networkpolicygenerator_controller.go:107.32,109.4 1 1
github.com/somaz94/network-policy-generator/internal/controller/networkpolicygenerator_controller.go:110.3,110.13 1 0
github.com/somaz94/network-policy-generator/internal/controller/networkpolicygenerator_controller.go:113.2,113.37 1 1
github.com/somaz94/network-policy-generator/internal/controller/networkpolicygenerator_controller.go:117.52,118.29 1 1
github.com/somaz94/network-policy-generator/internal/controller/networkpolicygenerator_controller.go:118.29,119.16 1 1
github.com/somaz94/network-policy-generator/internal/controller/networkpolicygenerator_controller.go:119.16,121.4 1 1
github.com/somaz94/network-policy-generator/internal/controller/networkpolicygenerator_controller.go:123.2,123.14 1 1
github.com/somaz94/network-policy-generator/internal/controller/networkpolicygenerator_controller.go:126.54,128.29 2 1
github.com/somaz94/network-policy-generator/internal/controller/networkpolicygenerator_controller.go:128.29,129.16 1 1
github.com/somaz94/network-policy-generator/internal/controller/networkpolicygenerator_controller.go:129.16,131.4 1 0
github.com/somaz94/network-policy-generator/internal/controller/networkpolicygenerator_controller.go:133.2,133.15 1 1
github.com/somaz94/network-policy-generator/internal/controller/networkpolicygenerator_controller.go:137.85,141.2 1 0
